#
# A fatal error has been detected by the Java Runtime Environment:
#
#  SIGSEGV (0xb) at pc=0x0000000000000000, pid=83071, tid=7683
#
# JRE version: OpenJDK Runtime Environment (16.0.1+9) (build 16.0.1+9-24)
# Java VM: OpenJDK 64-Bit Server VM (16.0.1+9-24, mixed mode, sharing, tiered, compressed oops, compressed class ptrs, g1 gc, bsd-amd64)
# Problematic frame:
# C  0x0000000000000000
#
# No core dump will be written. Core dumps have been disabled. To enable core dumping, try "ulimit -c unlimited" before starting Java again
#
# If you would like to submit a bug report, please visit:
#   https://bugreport.java.com/bugreport/crash.jsp
#

---------------  S U M M A R Y ------------

Command Line: -XX:TieredStopAtLevel=1 -Xverify:none -Dspring.output.ansi.enabled=always -javaagent:/Users/chaesang-yeob/Library/Application Support/JetBrains/Toolbox/apps/IDEA-U/ch-0/212.5457.46/IntelliJ IDEA.app/Contents/lib/idea_rt.jar=55324:/Users/chaesang-yeob/Library/Application Support/JetBrains/Toolbox/apps/IDEA-U/ch-0/212.5457.46/IntelliJ IDEA.app/Contents/bin -Dcom.sun.management.jmxremote -Dspring.jmx.enabled=true -Dspring.liveBeansView.mbeanDomain -Dspring.application.admin.enabled=true -agentpath:/private/var/folders/kk/xhh_zm8n25nc68wywypkvfz80000gn/T/libasyncProfiler.so=start,jfr,event=cpu,interval=1ms,event=alloc,file=/Users/chaesang-yeob/HoneybeSpringApplication_2022_01_15_112133.jfr -Dfile.encoding=UTF-8 com.example.honeybe_spring.HoneybeSpringApplication

Host: MacBookAir10,1 x86_64 2400 MHz, 8 cores, 8G, Darwin 21.2.0, macOS 10.16 (21C52)
Time: Sat Jan 15 11:21:36 2022 KST elapsed time: 1.900475 seconds (0d 0h 0m 1s)

---------------  T H R E A D  ---------------

Current thread (0x00007f8bf081ec00):  JavaThread "main" [_thread_in_vm, id=7683, stack(0x0000000309757000,0x0000000309857000)]

Stack: [0x0000000309757000,0x0000000309857000],  sp=0x0000000309854dc8,  free space=1015k
Java frames: (J=compiled Java code, j=interpreted, Vv=VM code)
j  jdk.internal.org.objectweb.asm.ByteVector.enlarge(I)V+25 java.base@16.0.1
J 320 c1 jdk.internal.org.objectweb.asm.ByteVector.putUTF8(Ljava/lang/String;)Ljdk/internal/org/objectweb/asm/ByteVector; java.base@16.0.1 (144 bytes) @ 0x0000000116767ac4 [0x0000000116767a20+0x00000000000000a4]
J 369 c1 jdk.internal.org.objectweb.asm.SymbolTable.addConstantUtf8(Ljava/lang/String;)I java.base@16.0.1 (98 bytes) @ 0x000000011677ea64 [0x000000011677e900+0x0000000000000164]
J 545 c1 jdk.internal.org.objectweb.asm.SymbolTable.addConstantNameAndType(Ljava/lang/String;Ljava/lang/String;)I java.base@16.0.1 (137 bytes) @ 0x00000001167c0f84 [0x00000001167c0dc0+0x00000000000001c4]
J 542 c1 jdk.internal.org.objectweb.asm.SymbolTable.addConstantMemberReference(ILjava/lang/String;Ljava/lang/String;Ljava/lang/String;)Ljdk/internal/org/objectweb/asm/SymbolTable$Entry; java.base@16.0.1 (147 bytes) @ 0x00000001167bf594 [0x00000001167bf340+0x0000000000000254]
j  jdk.internal.org.objectweb.asm.SymbolTable.addConstantMethodref(Ljava/lang/String;Ljava/lang/String;Ljava/lang/String;Z)Ljdk/internal/org/objectweb/asm/Symbol;+20 java.base@16.0.1
j  jdk.internal.org.objectweb.asm.MethodWriter.visitMethodInsn(ILjava/lang/String;Ljava/lang/String;Ljava/lang/String;Z)V+21 java.base@16.0.1
j  jdk.internal.org.objectweb.asm.MethodVisitor.visitMethodInsn(ILjava/lang/String;Ljava/lang/String;Ljava/lang/String;Z)V+76 java.base@16.0.1
j  java.lang.invoke.InnerClassLambdaMetafactory$ForwardingMethodGenerator.generate(Ljava/lang/invoke/MethodType;)V+213 java.base@16.0.1
j  java.lang.invoke.InnerClassLambdaMetafactory.generateInnerClass()Ljava/lang/Class;+320 java.base@16.0.1
j  java.lang.invoke.InnerClassLambdaMetafactory.spinInnerClass()Ljava/lang/Class;+107 java.base@16.0.1
j  java.lang.invoke.InnerClassLambdaMetafactory.buildCallSite()Ljava/lang/invoke/CallSite;+1 java.base@16.0.1
j  java.lang.invoke.LambdaMetafactory.metafactory(Ljava/lang/invoke/MethodHandles$Lookup;Ljava/lang/String;Ljava/lang/invoke/MethodType;Ljava/lang/invoke/MethodType;Ljava/lang/invoke/MethodHandle;Ljava/lang/invoke/MethodType;)Ljava/lang/invoke/CallSite;+31 java.base@16.0.1
j  java.lang.invoke.DirectMethodHandle$Holder.invokeStatic(Ljava/lang/Object;Ljava/lang/Object;Ljava/lang/Object;Ljava/lang/Object;Ljava/lang/Object;Ljava/lang/Object;Ljava/lang/Object;)Ljava/lang/Object;+20 java.base@16.0.1
j  java.lang.invoke.Invokers$Holder.invokeExact_MT(Ljava/lang/Object;Ljava/lang/Object;Ljava/lang/Object;Ljava/lang/Object;Ljava/lang/Object;Ljava/lang/Object;Ljava/lang/Object;Ljava/lang/Object;)Ljava/lang/Object;+28 java.base@16.0.1
j  java.lang.invoke.BootstrapMethodInvoker.invoke(Ljava/lang/Class;Ljava/lang/invoke/MethodHandle;Ljava/lang/String;Ljava/lang/Object;Ljava/lang/Object;Ljava/lang/Class;)Ljava/lang/Object;+262 java.base@16.0.1
j  java.lang.invoke.CallSite.makeSite(Ljava/lang/invoke/MethodHandle;Ljava/lang/String;Ljava/lang/invoke/MethodType;Ljava/lang/Object;Ljava/lang/Class;)Ljava/lang/invoke/CallSite;+8 java.base@16.0.1
j  java.lang.invoke.MethodHandleNatives.linkCallSiteImpl(Ljava/lang/Class;Ljava/lang/invoke/MethodHandle;Ljava/lang/String;Ljava/lang/invoke/MethodType;Ljava/lang/Object;[Ljava/lang/Object;)Ljava/lang/invoke/MemberName;+6 java.base@16.0.1
j  java.lang.invoke.MethodHandleNatives.linkCallSite(Ljava/lang/Object;ILjava/lang/Object;Ljava/lang/Object;Ljava/lang/Object;Ljava/lang/Object;[Ljava/lang/Object;)Ljava/lang/invoke/MemberName;+46 java.base@16.0.1
v  ~StubRoutines::call_stub
j  java.util.stream.Collectors.uniqKeysMapMerger()Ljava/util/function/BinaryOperator;+0 java.base@16.0.1
j  java.util.stream.Collectors.toMap(Ljava/util/function/Function;Ljava/util/function/Function;)Ljava/util/stream/Collector;+14 java.base@16.0.1
j  java.lang.management.DefaultPlatformMBeanProvider$5.nameToMBeanMap()Ljava/util/Map;+29 java.management@16.0.1
j  java.lang.management.ManagementFactory.lambda$getPlatformMBeanServer$0(Lsun/management/spi/PlatformMBeanProvider$PlatformComponent;)Ljava/util/stream/Stream;+1 java.management@16.0.1
j  java.lang.management.ManagementFactory$$Lambda$35+0x0000000800c68418.apply(Ljava/lang/Object;)Ljava/lang/Object;+4 java.management@16.0.1
j  java.util.stream.ReferencePipeline$7$1.accept(Ljava/lang/Object;)V+8 java.base@16.0.1
j  java.util.stream.ReferencePipeline$2$1.accept(Ljava/lang/Object;)V+21 java.base@16.0.1
j  java.util.HashMap$ValueSpliterator.forEachRemaining(Ljava/util/function/Consumer;)V+145 java.base@16.0.1
j  java.util.stream.AbstractPipeline.copyInto(Ljava/util/stream/Sink;Ljava/util/Spliterator;)V+32 java.base@16.0.1
j  java.util.stream.AbstractPipeline.wrapAndCopyInto(Ljava/util/stream/Sink;Ljava/util/Spliterator;)Ljava/util/stream/Sink;+13 java.base@16.0.1
j  java.util.stream.ForEachOps$ForEachOp.evaluateSequential(Ljava/util/stream/PipelineHelper;Ljava/util/Spliterator;)Ljava/lang/Void;+3 java.base@16.0.1
j  java.util.stream.ForEachOps$ForEachOp$OfRef.evaluateSequential(Ljava/util/stream/PipelineHelper;Ljava/util/Spliterator;)Ljava/lang/Object;+3 java.base@16.0.1
j  java.util.stream.AbstractPipeline.evaluate(Ljava/util/stream/TerminalOp;)Ljava/lang/Object;+88 java.base@16.0.1
j  java.util.stream.ReferencePipeline.forEach(Ljava/util/function/Consumer;)V+6 java.base@16.0.1
j  java.lang.management.ManagementFactory.getPlatformMBeanServer()Ljavax/management/MBeanServer;+68 java.management@16.0.1
j  sun.management.jmxremote.ConnectorBootstrap.startLocalConnectorServer()Ljavax/management/remote/JMXConnectorServer;+88 jdk.management.agent@16.0.1
j  jdk.internal.agent.Agent.startLocalManagementAgent()V+13 jdk.management.agent@16.0.1
j  jdk.internal.agent.Agent.startAgent(Ljava/util/Properties;)V+58 jdk.management.agent@16.0.1
j  jdk.internal.agent.Agent.startAgent()V+20 jdk.management.agent@16.0.1
v  ~StubRoutines::call_stub

siginfo: si_signo: 11 (SIGSEGV), si_code: 1 (SEGV_MAPERR), si_addr: 0x0000000000000000

Register to memory mapping:

RAX=0x0 is NULL
RBX=0x000000010cd87e18: _ZN23CompressedKlassPointers13_narrow_klassE+0 in /Library/Java/JavaVirtualMachines/jdk-16.0.1.jdk/Contents/Home/lib/server/libjvm.dylib at 0x000000010c11b000
RCX=0x00007f8bf081ec00 is a thread
RDX=0x0 is NULL
RSP=0x0000000309854dc8 is pointing into the stack for thread: 0x00007f8bf081ec00
RBP=0x000000010c92468f: _ZN12MemAllocator10Allocation17notify_allocationEv+0x19f in /Library/Java/JavaVirtualMachines/jdk-16.0.1.jdk/Contents/Home/lib/server/libjvm.dylib at 0x000000010c11b000
RSI=0x0000000000000210 is an unknown value
RDI=0x0000000309854d90 is pointing into the stack for thread: 0x00007f8bf081ec00
R8 =0x0 is NULL
R9 =0x00007f8bf081ec00 is a thread
R10=0x000000010cde93b0: _ZN19TemplateInterpreter13_active_tableE+0x4800 in /Library/Java/JavaVirtualMachines/jdk-16.0.1.jdk/Contents/Home/lib/server/libjvm.dylib at 0x000000010c11b000
R11=0x0000000000000010 is an unknown value
R12=0x0 is NULL
R13=0x000000080078d131 is pointing into metadata
R14=0x0000000309854e00 is pointing into the stack for thread: 0x00007f8bf081ec00
R15=0x00007f8bf081ec00 is a thread


Registers:
RAX=0x0000000000000000, RBX=0x000000010cd87e18, RCX=0x00007f8bf081ec00, RDX=0x0000000000000000
RSP=0x0000000309854dc8, RBP=0x000000010c92468f, RSI=0x0000000000000210, RDI=0x0000000309854d90
R8 =0x0000000000000000, R9 =0x00007f8bf081ec00, R10=0x000000010cde93b0, R11=0x0000000000000010
R12=0x0000000000000000, R13=0x000000080078d131, R14=0x0000000309854e00, R15=0x00007f8bf081ec00
RIP=0x0000000000000000, EFLAGS=0x0000000000000202, ERR=0x0000000000000004
  TRAPNO=0x000000000000000e

Top of Stack: (sp=0x0000000309854dc8)
0x0000000309854dc8:   0000000309854e58 0000000000000000
0x0000000309854dd8:   000000080078d131 00007f8bf081ec00
0x0000000309854de8:   00007f8bf081ec00 0000000309854e40
0x0000000309854df8:   000000010c924b5f 0000000309854e58
0x0000000309854e08:   00007f8bf081ec00 0000000309854e30
0x0000000309854e18:   00000007bfe00000 000000000000ebc7
0x0000000309854e28:   0000000787f45600 00000007876764d0
0x0000000309854e38:   00000000000000bc 0000000309854e80
0x0000000309854e48:   000000010c427de6 0000000309854e80
0x0000000309854e58:   000000010cd73588 00007f8bf081ec00
0x0000000309854e68:   0000000800008738 0000000000000042
0x0000000309854e78:   00007f0100000200 0000000309854ea0
0x0000000309854e88:   000000010c619880 00000000000000bc
0x0000000309854e98:   0000000309854f30 0000000309854f00
0x0000000309854ea8:   0000000115fe2796 0000000115fe2751
0x0000000309854eb8:   0000000309854eb8 000000080078d131
0x0000000309854ec8:   0000000309854f30 00000008002f9f40
0x0000000309854ed8:   0000000000000000 00000007bfe25e98
0x0000000309854ee8:   00000008001942f8 0000000000000000
0x0000000309854ef8:   0000000309854f40 0000000309855368
0x0000000309854f08:   0000000116767ac4 0000000000000000
0x0000000309854f18:   0000000000000116 0000000000000200
0x0000000309854f28:   000000080000001c 0000000787675308
0x0000000309854f38:   0000000116767ac4 0000000309854f98
0x0000000309854f48:   0000000115fd0335 0000000309854f50
0x0000000309854f58:   000000082be24a38 00007f8bf21048e0
0x0000000309854f68:   00007f8bf21048f0 0000000000000001
0x0000000309854f78:   00000000000003d8 00000008004f14e8
0x0000000309854f88:   00000008006c0f90 0000000000000000
0x0000000309854f98:   000000010cc20847 0000000309854fe0
0x0000000309854fa8:   00000003098552b8 0000000309855010
0x0000000309854fb8:   00007f8bf081ec00 00000008004f14e8 

Instructions: (pc=0x0000000000000000)
0xffffffffffffff00:   


Stack slot to memory mapping:
stack at sp + 0 slots: 0x0000000309854e58 is pointing into the stack for thread: 0x00007f8bf081ec00
stack at sp + 1 slots: 0x0 is NULL
stack at sp + 2 slots: 0x000000080078d131 is pointing into metadata
stack at sp + 3 slots: 0x00007f8bf081ec00 is a thread
stack at sp + 4 slots: 0x00007f8bf081ec00 is a thread
stack at sp + 5 slots: 0x0000000309854e40 is pointing into the stack for thread: 0x00007f8bf081ec00
stack at sp + 6 slots: 0x000000010c924b5f: _ZNK12MemAllocator8allocateEv+0xef in /Library/Java/JavaVirtualMachines/jdk-16.0.1.jdk/Contents/Home/lib/server/libjvm.dylib at 0x000000010c11b000
stack at sp + 7 slots: 0x0000000309854e58 is pointing into the stack for thread: 0x00007f8bf081ec00


---------------  P R O C E S S  ---------------

Threads class SMR info:
_java_thread_list=0x00006000007e6ba0, length=12, elements={
0x00007f8bf081ec00, 0x00007f8bf105f600, 0x00007f8be1008200, 0x00007f8bf0899400,
0x00007f8bf0899a00, 0x00007f8bf1816e00, 0x00007f8bf1808600, 0x00007f8bf180e600,
0x00007f8bf1817c00, 0x00007f8bf101c000, 0x00007f8bf181e600, 0x00007f8bf0b03e00
}

Java Threads: ( => current thread )
=>0x00007f8bf081ec00 JavaThread "main" [_thread_in_vm, id=7683, stack(0x0000000309757000,0x0000000309857000)]
  0x00007f8bf105f600 JavaThread "Reference Handler" daemon [_thread_blocked, id=22107, stack(0x0000000309e6c000,0x0000000309f6c000)]
  0x00007f8be1008200 JavaThread "Finalizer" daemon [_thread_blocked, id=43011, stack(0x0000000309f6f000,0x000000030a06f000)]
  0x00007f8bf0899400 JavaThread "Signal Dispatcher" daemon [_thread_blocked, id=24835, stack(0x000000030a20b000,0x000000030a30b000)]
  0x00007f8bf0899a00 JavaThread "Service Thread" daemon [_thread_blocked, id=25347, stack(0x000000030a30e000,0x000000030a40e000)]
  0x00007f8bf1816e00 JavaThread "Monitor Deflation Thread" daemon [_thread_blocked, id=40963, stack(0x000000030a411000,0x000000030a511000)]
  0x00007f8bf1808600 JavaThread "C1 CompilerThread0" daemon [_thread_blocked, id=25859, stack(0x000000030a514000,0x000000030a614000)]
  0x00007f8bf180e600 JavaThread "Sweeper thread" daemon [_thread_blocked, id=26115, stack(0x000000030a617000,0x000000030a717000)]
  0x00007f8bf1817c00 JavaThread "Common-Cleaner" daemon [_thread_blocked, id=40059, stack(0x000000030a71a000,0x000000030a81a000)]
  0x00007f8bf101c000 JavaThread "Attach Listener" daemon [_thread_blocked, id=27927, stack(0x000000030a81d000,0x000000030a91d000)]
  0x00007f8bf181e600 JavaThread "Monitor Ctrl-Break" daemon [_thread_in_native, id=39007, stack(0x000000030a920000,0x000000030aa20000)]
  0x00007f8bf0b03e00 JavaThread "Notification Thread" daemon [_thread_blocked, id=37651, stack(0x000000030aaa6000,0x000000030aba6000)]

Other Threads:
  0x00007f8bf070ac90 VMThread "VM Thread" [stack: 0x0000000309d69000,0x0000000309e69000] [id=15363]
  0x00007f8bf07072c0 GCTaskThread "GC Thread#0" [stack: 0x000000030985a000,0x000000030995a000] [id=13827]
  0x00007f8bf2105d70 ConcurrentGCThread "G1 Main Marker" [stack: 0x000000030995d000,0x0000000309a5d000] [id=18435]
  0x00007f8bf2106650 ConcurrentGCThread "G1 Conc#0" [stack: 0x0000000309a60000,0x0000000309b60000] [id=14083]
  0x00007f8bf2111f10 ConcurrentGCThread "G1 Refine#0" [stack: 0x0000000309b63000,0x0000000309c63000] [id=14339]
  0x00007f8bf2112800 ConcurrentGCThread "G1 Service" [stack: 0x0000000309c66000,0x0000000309d66000] [id=16643]

Threads with active compile tasks:

VM state: not at safepoint (normal execution)

VM Mutex/Monitor currently owned by a thread: None

Heap address: 0x0000000780000000, size: 2048 MB, Compressed Oops mode: Zero based, Oop shift amount: 3

CDS archive(s) mapped at: [0x0000000800000000-0x0000000800bb9000-0x0000000800bb9000), size 12292096, SharedBaseAddress: 0x0000000800000000, ArchiveRelocationMode: 0.
Compressed class space mapped at: 0x0000000800c00000-0x0000000840c00000, reserved size: 1073741824
Narrow klass base: 0x0000000800000000, Narrow klass shift: 3, Narrow klass range: 0x100000000

GC Precious Log:
 CPUs: 8 total, 8 available
 Memory: 8192M
 Large Page Support: Disabled
 NUMA Support: Disabled
 Compressed Oops: Enabled (Zero based)
 Heap Region Size: 1M
 Heap Min Capacity: 8M
 Heap Initial Capacity: 128M
 Heap Max Capacity: 2G
 Pre-touch: Disabled
 Parallel Workers: 8
 Concurrent Workers: 2
 Concurrent Refinement Workers: 8
 Periodic GC: Disabled

Heap:
 garbage-first heap   total 133120K, used 10184K [0x0000000780000000, 0x0000000800000000)
  region size 1024K, 10 young (10240K), 0 survivors (0K)
 Metaspace       used 2524K, committed 2752K, reserved 1056768K
  class space    used 280K, committed 384K, reserved 1048576K

Heap Regions: E=young(eden), S=young(survivor), O=old, HS=humongous(starts), HC=humongous(continues), CS=collection set, F=free, OA=open archive, CA=closed archive, TAMS=top-at-mark-start (previous, next)
|   0|0x0000000780000000, 0x0000000780100000, 0x0000000780100000|100%|HS|  |TAMS 0x0000000780000000, 0x0000000780000000| Complete 
|   1|0x0000000780100000, 0x0000000780100000, 0x0000000780200000|  0%| F|  |TAMS 0x0000000780100000, 0x0000000780100000| Untracked 
|   2|0x0000000780200000, 0x0000000780200000, 0x0000000780300000|  0%| F|  |TAMS 0x0000000780200000, 0x0000000780200000| Untracked 
|   3|0x0000000780300000, 0x0000000780300000, 0x0000000780400000|  0%| F|  |TAMS 0x0000000780300000, 0x0000000780300000| Untracked 
|   4|0x0000000780400000, 0x0000000780400000, 0x0000000780500000|  0%| F|  |TAMS 0x0000000780400000, 0x0000000780400000| Untracked 
|   5|0x0000000780500000, 0x0000000780500000, 0x0000000780600000|  0%| F|  |TAMS 0x0000000780500000, 0x0000000780500000| Untracked 
|   6|0x0000000780600000, 0x0000000780600000, 0x0000000780700000|  0%| F|  |TAMS 0x0000000780600000, 0x0000000780600000| Untracked 
|   7|0x0000000780700000, 0x0000000780700000, 0x0000000780800000|  0%| F|  |TAMS 0x0000000780700000, 0x0000000780700000| Untracked 
|   8|0x0000000780800000, 0x0000000780800000, 0x0000000780900000|  0%| F|  |TAMS 0x0000000780800000, 0x0000000780800000| Untracked 
|   9|0x0000000780900000, 0x0000000780900000, 0x0000000780a00000|  0%| F|  |TAMS 0x0000000780900000, 0x0000000780900000| Untracked 
|  10|0x0000000780a00000, 0x0000000780a00000, 0x0000000780b00000|  0%| F|  |TAMS 0x0000000780a00000, 0x0000000780a00000| Untracked 
|  11|0x0000000780b00000, 0x0000000780b00000, 0x0000000780c00000|  0%| F|  |TAMS 0x0000000780b00000, 0x0000000780b00000| Untracked 
|  12|0x0000000780c00000, 0x0000000780c00000, 0x0000000780d00000|  0%| F|  |TAMS 0x0000000780c00000, 0x0000000780c00000| Untracked 
|  13|0x0000000780d00000, 0x0000000780d00000, 0x0000000780e00000|  0%| F|  |TAMS 0x0000000780d00000, 0x0000000780d00000| Untracked 
|  14|0x0000000780e00000, 0x0000000780e00000, 0x0000000780f00000|  0%| F|  |TAMS 0x0000000780e00000, 0x0000000780e00000| Untracked 
|  15|0x0000000780f00000, 0x0000000780f00000, 0x0000000781000000|  0%| F|  |TAMS 0x0000000780f00000, 0x0000000780f00000| Untracked 
|  16|0x0000000781000000, 0x0000000781000000, 0x0000000781100000|  0%| F|  |TAMS 0x0000000781000000, 0x0000000781000000| Untracked 
|  17|0x0000000781100000, 0x0000000781100000, 0x0000000781200000|  0%| F|  |TAMS 0x0000000781100000, 0x0000000781100000| Untracked 
|  18|0x0000000781200000, 0x0000000781200000, 0x0000000781300000|  0%| F|  |TAMS 0x0000000781200000, 0x0000000781200000| Untracked 
|  19|0x0000000781300000, 0x0000000781300000, 0x0000000781400000|  0%| F|  |TAMS 0x0000000781300000, 0x0000000781300000| Untracked 
|  20|0x0000000781400000, 0x0000000781400000, 0x0000000781500000|  0%| F|  |TAMS 0x0000000781400000, 0x0000000781400000| Untracked 
|  21|0x0000000781500000, 0x0000000781500000, 0x0000000781600000|  0%| F|  |TAMS 0x0000000781500000, 0x0000000781500000| Untracked 
|  22|0x0000000781600000, 0x0000000781600000, 0x0000000781700000|  0%| F|  |TAMS 0x0000000781600000, 0x0000000781600000| Untracked 
|  23|0x0000000781700000, 0x0000000781700000, 0x0000000781800000|  0%| F|  |TAMS 0x0000000781700000, 0x0000000781700000| Untracked 
|  24|0x0000000781800000, 0x0000000781800000, 0x0000000781900000|  0%| F|  |TAMS 0x0000000781800000, 0x0000000781800000| Untracked 
|  25|0x0000000781900000, 0x0000000781900000, 0x0000000781a00000|  0%| F|  |TAMS 0x0000000781900000, 0x0000000781900000| Untracked 
|  26|0x0000000781a00000, 0x0000000781a00000, 0x0000000781b00000|  0%| F|  |TAMS 0x0000000781a00000, 0x0000000781a00000| Untracked 
|  27|0x0000000781b00000, 0x0000000781b00000, 0x0000000781c00000|  0%| F|  |TAMS 0x0000000781b00000, 0x0000000781b00000| Untracked 
|  28|0x0000000781c00000, 0x0000000781c00000, 0x0000000781d00000|  0%| F|  |TAMS 0x0000000781c00000, 0x0000000781c00000| Untracked 
|  29|0x0000000781d00000, 0x0000000781d00000, 0x0000000781e00000|  0%| F|  |TAMS 0x0000000781d00000, 0x0000000781d00000| Untracked 
|  30|0x0000000781e00000, 0x0000000781e00000, 0x0000000781f00000|  0%| F|  |TAMS 0x0000000781e00000, 0x0000000781e00000| Untracked 
|  31|0x0000000781f00000, 0x0000000781f00000, 0x0000000782000000|  0%| F|  |TAMS 0x0000000781f00000, 0x0000000781f00000| Untracked 
|  32|0x0000000782000000, 0x0000000782000000, 0x0000000782100000|  0%| F|  |TAMS 0x0000000782000000, 0x0000000782000000| Untracked 
|  33|0x0000000782100000, 0x0000000782100000, 0x0000000782200000|  0%| F|  |TAMS 0x0000000782100000, 0x0000000782100000| Untracked 
|  34|0x0000000782200000, 0x0000000782200000, 0x0000000782300000|  0%| F|  |TAMS 0x0000000782200000, 0x0000000782200000| Untracked 
|  35|0x0000000782300000, 0x0000000782300000, 0x0000000782400000|  0%| F|  |TAMS 0x0000000782300000, 0x0000000782300000| Untracked 
|  36|0x0000000782400000, 0x0000000782400000, 0x0000000782500000|  0%| F|  |TAMS 0x0000000782400000, 0x0000000782400000| Untracked 
|  37|0x0000000782500000, 0x0000000782500000, 0x0000000782600000|  0%| F|  |TAMS 0x0000000782500000, 0x0000000782500000| Untracked 
|  38|0x0000000782600000, 0x0000000782600000, 0x0000000782700000|  0%| F|  |TAMS 0x0000000782600000, 0x0000000782600000| Untracked 
|  39|0x0000000782700000, 0x0000000782700000, 0x0000000782800000|  0%| F|  |TAMS 0x0000000782700000, 0x0000000782700000| Untracked 
|  40|0x0000000782800000, 0x0000000782800000, 0x0000000782900000|  0%| F|  |TAMS 0x0000000782800000, 0x0000000782800000| Untracked 
|  41|0x0000000782900000, 0x0000000782900000, 0x0000000782a00000|  0%| F|  |TAMS 0x0000000782900000, 0x0000000782900000| Untracked 
|  42|0x0000000782a00000, 0x0000000782a00000, 0x0000000782b00000|  0%| F|  |TAMS 0x0000000782a00000, 0x0000000782a00000| Untracked 
|  43|0x0000000782b00000, 0x0000000782b00000, 0x0000000782c00000|  0%| F|  |TAMS 0x0000000782b00000, 0x0000000782b00000| Untracked 
|  44|0x0000000782c00000, 0x0000000782c00000, 0x0000000782d00000|  0%| F|  |TAMS 0x0000000782c00000, 0x0000000782c00000| Untracked 
|  45|0x0000000782d00000, 0x0000000782d00000, 0x0000000782e00000|  0%| F|  |TAMS 0x0000000782d00000, 0x0000000782d00000| Untracked 
|  46|0x0000000782e00000, 0x0000000782e00000, 0x0000000782f00000|  0%| F|  |TAMS 0x0000000782e00000, 0x0000000782e00000| Untracked 
|  47|0x0000000782f00000, 0x0000000782f00000, 0x0000000783000000|  0%| F|  |TAMS 0x0000000782f00000, 0x0000000782f00000| Untracked 
|  48|0x0000000783000000, 0x0000000783000000, 0x0000000783100000|  0%| F|  |TAMS 0x0000000783000000, 0x0000000783000000| Untracked 
|  49|0x0000000783100000, 0x0000000783100000, 0x0000000783200000|  0%| F|  |TAMS 0x0000000783100000, 0x0000000783100000| Untracked 
|  50|0x0000000783200000, 0x0000000783200000, 0x0000000783300000|  0%| F|  |TAMS 0x0000000783200000, 0x0000000783200000| Untracked 
|  51|0x0000000783300000, 0x0000000783300000, 0x0000000783400000|  0%| F|  |TAMS 0x0000000783300000, 0x0000000783300000| Untracked 
|  52|0x0000000783400000, 0x0000000783400000, 0x0000000783500000|  0%| F|  |TAMS 0x0000000783400000, 0x0000000783400000| Untracked 
|  53|0x0000000783500000, 0x0000000783500000, 0x0000000783600000|  0%| F|  |TAMS 0x0000000783500000, 0x0000000783500000| Untracked 
|  54|0x0000000783600000, 0x0000000783600000, 0x0000000783700000|  0%| F|  |TAMS 0x0000000783600000, 0x0000000783600000| Untracked 
|  55|0x0000000783700000, 0x0000000783700000, 0x0000000783800000|  0%| F|  |TAMS 0x0000000783700000, 0x0000000783700000| Untracked 
|  56|0x0000000783800000, 0x0000000783800000, 0x0000000783900000|  0%| F|  |TAMS 0x0000000783800000, 0x0000000783800000| Untracked 
|  57|0x0000000783900000, 0x0000000783900000, 0x0000000783a00000|  0%| F|  |TAMS 0x0000000783900000, 0x0000000783900000| Untracked 
|  58|0x0000000783a00000, 0x0000000783a00000, 0x0000000783b00000|  0%| F|  |TAMS 0x0000000783a00000, 0x0000000783a00000| Untracked 
|  59|0x0000000783b00000, 0x0000000783b00000, 0x0000000783c00000|  0%| F|  |TAMS 0x0000000783b00000, 0x0000000783b00000| Untracked 
|  60|0x0000000783c00000, 0x0000000783c00000, 0x0000000783d00000|  0%| F|  |TAMS 0x0000000783c00000, 0x0000000783c00000| Untracked 
|  61|0x0000000783d00000, 0x0000000783d00000, 0x0000000783e00000|  0%| F|  |TAMS 0x0000000783d00000, 0x0000000783d00000| Untracked 
|  62|0x0000000783e00000, 0x0000000783e00000, 0x0000000783f00000|  0%| F|  |TAMS 0x0000000783e00000, 0x0000000783e00000| Untracked 
|  63|0x0000000783f00000, 0x0000000783f00000, 0x0000000784000000|  0%| F|  |TAMS 0x0000000783f00000, 0x0000000783f00000| Untracked 
|  64|0x0000000784000000, 0x0000000784000000, 0x0000000784100000|  0%| F|  |TAMS 0x0000000784000000, 0x0000000784000000| Untracked 
|  65|0x0000000784100000, 0x0000000784100000, 0x0000000784200000|  0%| F|  |TAMS 0x0000000784100000, 0x0000000784100000| Untracked 
|  66|0x0000000784200000, 0x0000000784200000, 0x0000000784300000|  0%| F|  |TAMS 0x0000000784200000, 0x0000000784200000| Untracked 
|  67|0x0000000784300000, 0x0000000784300000, 0x0000000784400000|  0%| F|  |TAMS 0x0000000784300000, 0x0000000784300000| Untracked 
|  68|0x0000000784400000, 0x0000000784400000, 0x0000000784500000|  0%| F|  |TAMS 0x0000000784400000, 0x0000000784400000| Untracked 
|  69|0x0000000784500000, 0x0000000784500000, 0x0000000784600000|  0%| F|  |TAMS 0x0000000784500000, 0x0000000784500000| Untracked 
|  70|0x0000000784600000, 0x0000000784600000, 0x0000000784700000|  0%| F|  |TAMS 0x0000000784600000, 0x0000000784600000| Untracked 
|  71|0x0000000784700000, 0x0000000784700000, 0x0000000784800000|  0%| F|  |TAMS 0x0000000784700000, 0x0000000784700000| Untracked 
|  72|0x0000000784800000, 0x0000000784800000, 0x0000000784900000|  0%| F|  |TAMS 0x0000000784800000, 0x0000000784800000| Untracked 
|  73|0x0000000784900000, 0x0000000784900000, 0x0000000784a00000|  0%| F|  |TAMS 0x0000000784900000, 0x0000000784900000| Untracked 
|  74|0x0000000784a00000, 0x0000000784a00000, 0x0000000784b00000|  0%| F|  |TAMS 0x0000000784a00000, 0x0000000784a00000| Untracked 
|  75|0x0000000784b00000, 0x0000000784b00000, 0x0000000784c00000|  0%| F|  |TAMS 0x0000000784b00000, 0x0000000784b00000| Untracked 
|  76|0x0000000784c00000, 0x0000000784c00000, 0x0000000784d00000|  0%| F|  |TAMS 0x0000000784c00000, 0x0000000784c00000| Untracked 
|  77|0x0000000784d00000, 0x0000000784d00000, 0x0000000784e00000|  0%| F|  |TAMS 0x0000000784d00000, 0x0000000784d00000| Untracked 
|  78|0x0000000784e00000, 0x0000000784e00000, 0x0000000784f00000|  0%| F|  |TAMS 0x0000000784e00000, 0x0000000784e00000| Untracked 
|  79|0x0000000784f00000, 0x0000000784f00000, 0x0000000785000000|  0%| F|  |TAMS 0x0000000784f00000, 0x0000000784f00000| Untracked 
|  80|0x0000000785000000, 0x0000000785000000, 0x0000000785100000|  0%| F|  |TAMS 0x0000000785000000, 0x0000000785000000| Untracked 
|  81|0x0000000785100000, 0x0000000785100000, 0x0000000785200000|  0%| F|  |TAMS 0x0000000785100000, 0x0000000785100000| Untracked 
|  82|0x0000000785200000, 0x0000000785200000, 0x0000000785300000|  0%| F|  |TAMS 0x0000000785200000, 0x0000000785200000| Untracked 
|  83|0x0000000785300000, 0x0000000785300000, 0x0000000785400000|  0%| F|  |TAMS 0x0000000785300000, 0x0000000785300000| Untracked 
|  84|0x0000000785400000, 0x0000000785400000, 0x0000000785500000|  0%| F|  |TAMS 0x0000000785400000, 0x0000000785400000| Untracked 
|  85|0x0000000785500000, 0x0000000785500000, 0x0000000785600000|  0%| F|  |TAMS 0x0000000785500000, 0x0000000785500000| Untracked 
|  86|0x0000000785600000, 0x0000000785600000, 0x0000000785700000|  0%| F|  |TAMS 0x0000000785600000, 0x0000000785600000| Untracked 
|  87|0x0000000785700000, 0x0000000785700000, 0x0000000785800000|  0%| F|  |TAMS 0x0000000785700000, 0x0000000785700000| Untracked 
|  88|0x0000000785800000, 0x0000000785800000, 0x0000000785900000|  0%| F|  |TAMS 0x0000000785800000, 0x0000000785800000| Untracked 
|  89|0x0000000785900000, 0x0000000785900000, 0x0000000785a00000|  0%| F|  |TAMS 0x0000000785900000, 0x0000000785900000| Untracked 
|  90|0x0000000785a00000, 0x0000000785a00000, 0x0000000785b00000|  0%| F|  |TAMS 0x0000000785a00000, 0x0000000785a00000| Untracked 
|  91|0x0000000785b00000, 0x0000000785b00000, 0x0000000785c00000|  0%| F|  |TAMS 0x0000000785b00000, 0x0000000785b00000| Untracked 
|  92|0x0000000785c00000, 0x0000000785c00000, 0x0000000785d00000|  0%| F|  |TAMS 0x0000000785c00000, 0x0000000785c00000| Untracked 
|  93|0x0000000785d00000, 0x0000000785d00000, 0x0000000785e00000|  0%| F|  |TAMS 0x0000000785d00000, 0x0000000785d00000| Untracked 
|  94|0x0000000785e00000, 0x0000000785e00000, 0x0000000785f00000|  0%| F|  |TAMS 0x0000000785e00000, 0x0000000785e00000| Untracked 
|  95|0x0000000785f00000, 0x0000000785f00000, 0x0000000786000000|  0%| F|  |TAMS 0x0000000785f00000, 0x0000000785f00000| Untracked 
|  96|0x0000000786000000, 0x0000000786000000, 0x0000000786100000|  0%| F|  |TAMS 0x0000000786000000, 0x0000000786000000| Untracked 
|  97|0x0000000786100000, 0x0000000786100000, 0x0000000786200000|  0%| F|  |TAMS 0x0000000786100000, 0x0000000786100000| Untracked 
|  98|0x0000000786200000, 0x0000000786200000, 0x0000000786300000|  0%| F|  |TAMS 0x0000000786200000, 0x0000000786200000| Untracked 
|  99|0x0000000786300000, 0x0000000786300000, 0x0000000786400000|  0%| F|  |TAMS 0x0000000786300000, 0x0000000786300000| Untracked 
| 100|0x0000000786400000, 0x0000000786400000, 0x0000000786500000|  0%| F|  |TAMS 0x0000000786400000, 0x0000000786400000| Untracked 
| 101|0x0000000786500000, 0x0000000786500000, 0x0000000786600000|  0%| F|  |TAMS 0x0000000786500000, 0x0000000786500000| Untracked 
| 102|0x0000000786600000, 0x0000000786600000, 0x0000000786700000|  0%| F|  |TAMS 0x0000000786600000, 0x0000000786600000| Untracked 
| 103|0x0000000786700000, 0x0000000786700000, 0x0000000786800000|  0%| F|  |TAMS 0x0000000786700000, 0x0000000786700000| Untracked 
| 104|0x0000000786800000, 0x0000000786800000, 0x0000000786900000|  0%| F|  |TAMS 0x0000000786800000, 0x0000000786800000| Untracked 
| 105|0x0000000786900000, 0x0000000786900000, 0x0000000786a00000|  0%| F|  |TAMS 0x0000000786900000, 0x0000000786900000| Untracked 
| 106|0x0000000786a00000, 0x0000000786a00000, 0x0000000786b00000|  0%| F|  |TAMS 0x0000000786a00000, 0x0000000786a00000| Untracked 
| 107|0x0000000786b00000, 0x0000000786b00000, 0x0000000786c00000|  0%| F|  |TAMS 0x0000000786b00000, 0x0000000786b00000| Untracked 
| 108|0x0000000786c00000, 0x0000000786c00000, 0x0000000786d00000|  0%| F|  |TAMS 0x0000000786c00000, 0x0000000786c00000| Untracked 
| 109|0x0000000786d00000, 0x0000000786d00000, 0x0000000786e00000|  0%| F|  |TAMS 0x0000000786d00000, 0x0000000786d00000| Untracked 
| 110|0x0000000786e00000, 0x0000000786e00000, 0x0000000786f00000|  0%| F|  |TAMS 0x0000000786e00000, 0x0000000786e00000| Untracked 
| 111|0x0000000786f00000, 0x0000000786f00000, 0x0000000787000000|  0%| F|  |TAMS 0x0000000786f00000, 0x0000000786f00000| Untracked 
| 112|0x0000000787000000, 0x0000000787000000, 0x0000000787100000|  0%| F|  |TAMS 0x0000000787000000, 0x0000000787000000| Untracked 
| 113|0x0000000787100000, 0x0000000787100000, 0x0000000787200000|  0%| F|  |TAMS 0x0000000787100000, 0x0000000787100000| Untracked 
| 114|0x0000000787200000, 0x0000000787200000, 0x0000000787300000|  0%| F|  |TAMS 0x0000000787200000, 0x0000000787200000| Untracked 
| 115|0x0000000787300000, 0x0000000787300000, 0x0000000787400000|  0%| F|  |TAMS 0x0000000787300000, 0x0000000787300000| Untracked 
| 116|0x0000000787400000, 0x0000000787400000, 0x0000000787500000|  0%| F|  |TAMS 0x0000000787400000, 0x0000000787400000| Untracked 
| 117|0x0000000787500000, 0x0000000787500000, 0x0000000787600000|  0%| F|  |TAMS 0x0000000787500000, 0x0000000787500000| Untracked 
| 118|0x0000000787600000, 0x00000007876ec308, 0x0000000787700000| 92%| E|  |TAMS 0x0000000787600000, 0x0000000787600000| Complete 
| 119|0x0000000787700000, 0x0000000787800000, 0x0000000787800000|100%| E|CS|TAMS 0x0000000787700000, 0x0000000787700000| Complete 
| 120|0x0000000787800000, 0x0000000787900000, 0x0000000787900000|100%| E|CS|TAMS 0x0000000787800000, 0x0000000787800000| Complete 
| 121|0x0000000787900000, 0x0000000787a00000, 0x0000000787a00000|100%| E|CS|TAMS 0x0000000787900000, 0x0000000787900000| Complete 
| 122|0x0000000787a00000, 0x0000000787b00000, 0x0000000787b00000|100%| E|  |TAMS 0x0000000787a00000, 0x0000000787a00000| Complete 
| 123|0x0000000787b00000, 0x0000000787c00000, 0x0000000787c00000|100%| E|CS|TAMS 0x0000000787b00000, 0x0000000787b00000| Complete 
| 124|0x0000000787c00000, 0x0000000787d00000, 0x0000000787d00000|100%| E|CS|TAMS 0x0000000787c00000, 0x0000000787c00000| Complete 
| 125|0x0000000787d00000, 0x0000000787e00000, 0x0000000787e00000|100%| E|CS|TAMS 0x0000000787d00000, 0x0000000787d00000| Complete 
| 126|0x0000000787e00000, 0x0000000787f00000, 0x0000000787f00000|100%| E|CS|TAMS 0x0000000787e00000, 0x0000000787e00000| Complete 
| 127|0x0000000787f00000, 0x0000000788000000, 0x0000000788000000|100%| E|CS|TAMS 0x0000000787f00000, 0x0000000787f00000| Complete 
|1022|0x00000007bfe00000, 0x00000007bfe75000, 0x00000007bff00000| 45%|OA|  |TAMS 0x00000007bfe00000, 0x00000007bfe00000| Untracked 
|1023|0x00000007bff00000, 0x00000007bff7d000, 0x00000007c0000000| 48%|CA|  |TAMS 0x00000007bff00000, 0x00000007bff00000| Untracked 

Card table byte_map: [0x00000001253c7000,0x00000001257c7000] _byte_map_base: 0x00000001217c7000

Marking Bits (Prev, Next): (CMBitMap*) 0x00007f8bf080c610, (CMBitMap*) 0x00007f8bf080c650
 Prev Bits: [0x0000000125bc7000, 0x0000000127bc7000)
 Next Bits: [0x0000000127bc7000, 0x0000000129bc7000)

Polling page: 0x0000000102a4d000

Metaspace:

Usage:
  Non-class:      2.19 MB used.
      Class:    280.34 KB used.
       Both:      2.47 MB used.

Virtual space:
  Non-class space:        8.00 MB reserved,       2.31 MB ( 29%) committed,  1 nodes.
      Class space:        1.00 GB reserved,     384.00 KB ( <1%) committed,  1 nodes.
              Both:        1.01 GB reserved,       2.69 MB ( <1%) committed. 

Chunk freelists:
   Non-Class:  3.93 MB
       Class:  3.59 MB
        Both:  7.53 MB

MaxMetaspaceSize: 17179869184.00 GB
CompressedClassSpaceSize: 1.00 GB
 - commit_granule_bytes: 65536.
 - commit_granule_words: 8192.
 - virtual_space_node_default_size: 1048576.
 - enlarge_chunks_in_place: 1.
 - new_chunks_are_fully_committed: 0.
 - uncommit_free_chunks: 1.
 - use_allocation_guard: 0.
 - handle_deallocations: 1.


Internal statistics:

num_allocs_failed_limit: 0.
num_arena_births: 58.
num_arena_deaths: 0.
num_vsnodes_births: 2.
num_vsnodes_deaths: 0.
num_space_committed: 43.
num_space_uncommitted: 0.
num_chunks_returned_to_freelist: 0.
num_chunks_taken_from_freelist: 62.
num_chunk_merges: 0.
num_chunk_splits: 43.
num_chunks_enlarged: 27.
num_purges: 0.

CodeHeap 'non-profiled nmethods': size=238384Kb used=827Kb max_used=827Kb free=237556Kb
 bounds [0x00000001166fb000, 0x000000011696b000, 0x0000000124fc7000]
CodeHeap 'non-nmethods': size=7376Kb used=1145Kb max_used=1145Kb free=6230Kb
 bounds [0x0000000115fc7000, 0x0000000116237000, 0x00000001166fb000]
 total_blobs=1007 nmethods=570 adapters=367
 compilation: enabled
              stopped_count=0, restarted_count=0
 full_count=0

Compilation events (20 events):
Event: 1.890 Thread 0x00007f8bf1808600  557       1       com.sun.jmx.mbeanserver.MXBeanMapping::getOpenType (5 bytes)
Event: 1.890 Thread 0x00007f8bf1808600 nmethod 557 0x00000001167c6190 code [0x00000001167c6320, 0x00000001167c63f0]
Event: 1.890 Thread 0x00007f8bf1808600  558       1       java.nio.Buffer::limit (65 bytes)
Event: 1.890 Thread 0x00007f8bf1808600 nmethod 558 0x00000001167c6890 code [0x00000001167c6a40, 0x00000001167c6b80]
Event: 1.890 Thread 0x00007f8bf1808600  560       1       java.util.TreeMap::addEntryToEmptyMap (37 bytes)
Event: 1.891 Thread 0x00007f8bf1808600 nmethod 560 0x00000001167c6d10 code [0x00000001167c6ee0, 0x00000001167c7250]
Event: 1.891 Thread 0x00007f8bf1808600  563       1       java.util.TreeMap::getEntry (77 bytes)
Event: 1.891 Thread 0x00007f8bf1808600 nmethod 563 0x00000001167c7510 code [0x00000001167c76e0, 0x00000001167c79e0]
Event: 1.891 Thread 0x00007f8bf1808600  561       1       java.util.TreeMap::compare (32 bytes)
Event: 1.891 Thread 0x00007f8bf1808600 nmethod 561 0x00000001167c7d10 code [0x00000001167c7ec0, 0x00000001167c8050]
Event: 1.891 Thread 0x00007f8bf1808600  562       1       java.util.TreeMap::containsKey (14 bytes)
Event: 1.891 Thread 0x00007f8bf1808600 nmethod 562 0x00000001167c8190 code [0x00000001167c8320, 0x00000001167c8400]
Event: 1.895 Thread 0x00007f8bf1808600  565       1       jdk.internal.org.objectweb.asm.Handler::getExceptionTableSize (10 bytes)
Event: 1.895 Thread 0x00007f8bf1808600 nmethod 565 0x00000001167c8790 code [0x00000001167c8920, 0x00000001167c89f0]
Event: 1.895 Thread 0x00007f8bf1808600  566       1       jdk.internal.org.objectweb.asm.MethodWriter::hasAsmInstructions (5 bytes)
Event: 1.895 Thread 0x00007f8bf1808600 nmethod 566 0x00000001167c8b10 code [0x00000001167c8ca0, 0x00000001167c8d70]
Event: 1.895 Thread 0x00007f8bf1808600  567       1       sun.invoke.util.Wrapper::forBasicType (16 bytes)
Event: 1.896 Thread 0x00007f8bf1808600 nmethod 567 0x00000001167c8e10 code [0x00000001167c8fc0, 0x00000001167c90c0]
Event: 1.896 Thread 0x00007f8bf1808600  568       1       jdk.internal.org.objectweb.asm.MethodWriter::visitInsn (115 bytes)
Event: 1.896 Thread 0x00007f8bf1808600 nmethod 568 0x00000001167c9510 code [0x00000001167c96e0, 0x00000001167c98e0]

GC Heap History (0 events):
No events

Deoptimization events (0 events):
No events

Classes unloaded (0 events):
No events

Classes redefined (0 events):
No events

Internal exceptions (10 events):
Event: 0.853 Thread 0x00007f8bf181e600 Exception <a 'java/lang/NoSuchMethodError'{0x00000007878f2638}: 'java.lang.Object java.lang.invoke.DirectMethodHandle$Holder.invokeStatic(java.lang.Object)'> (0x00000007878f2638) 
thrown [./open/src/hotspot/share/interpreter/linkResolver.cpp, line 790]
Event: 0.854 Thread 0x00007f8bf181e600 Exception <a 'java/lang/NoSuchMethodError'{0x00000007878f5e20}: 'java.lang.Object java.lang.invoke.DirectMethodHandle$Holder.invokeStaticInit(java.lang.Object)'> (0x00000007878f5e20) 
thrown [./open/src/hotspot/share/interpreter/linkResolver.cpp, line 790]
Event: 0.862 Thread 0x00007f8bf181e600 Exception <a 'java/lang/NoSuchMethodError'{0x0000000787704308}: 'void java.lang.invoke.DirectMethodHandle$Holder.invokeStatic(java.lang.Object, java.lang.Object)'> (0x0000000787704308) 
thrown [./open/src/hotspot/share/interpreter/linkResolver.cpp, line 790]
Event: 1.656 Thread 0x00007f8bf081ec00 Exception <a 'java/lang/NoSuchMethodError'{0x00000007878a56f8}: 'void java.lang.invoke.DirectMethodHandle$Holder.invokeSpecial(java.lang.Object, java.lang.Object, java.lang.Object)'> (0x00000007878a56f8) 
thrown [./open/src/hotspot/share/interpreter/linkResolver.cpp, line 790]
Event: 1.774 Thread 0x00007f8bf081ec00 Exception <a 'java/lang/NoSuchMethodError'{0x00000007878e6ff0}: 'java.lang.Object java.lang.invoke.DirectMethodHandle$Holder.invokeInterface(java.lang.Object, java.lang.Object)'> (0x00000007878e6ff0) 
thrown [./open/src/hotspot/share/interpreter/linkResolver.cpp, line 790]
Event: 1.776 Thread 0x00007f8bf081ec00 Exception <a 'java/lang/NoSuchMethodError'{0x00000007877799f8}: 'java.lang.Object java.lang.invoke.DirectMethodHandle$Holder.invokeStaticInit(java.lang.Object, java.lang.Object, java.lang.Object)'> (0x00000007877799f8) 
thrown [./open/src/hotspot/share/interpreter/linkResolver.cpp, line 790]
Event: 1.780 Thread 0x00007f8bf081ec00 Exception <a 'java/lang/NoSuchMethodError'{0x0000000787796c20}: 'int java.lang.invoke.DirectMethodHandle$Holder.invokeInterface(java.lang.Object, java.lang.Object)'> (0x0000000787796c20) 
thrown [./open/src/hotspot/share/interpreter/linkResolver.cpp, line 790]
Event: 1.781 Thread 0x00007f8bf081ec00 Exception <a 'java/lang/IncompatibleClassChangeError'{0x000000078779a418}: Found class java.lang.Object, but interface was expected> (0x000000078779a418) 
thrown [./open/src/hotspot/share/interpreter/linkResolver.cpp, line 857]
Event: 1.870 Thread 0x00007f8bf081ec00 Exception <a 'java/lang/ClassNotFoundException'{0x0000000787625b20}: jdk/internal/platform/CgroupMetrics> (0x0000000787625b20) 
thrown [./open/src/hotspot/share/classfile/systemDictionary.cpp, line 256]
Event: 1.894 Thread 0x00007f8bf081ec00 Exception <a 'java/lang/NoSuchMethodError'{0x00000007876652e8}: 'int java.lang.invoke.DirectMethodHandle$Holder.invokeSpecial(java.lang.Object, java.lang.Object, java.lang.Object)'> (0x00000007876652e8) 
thrown [./open/src/hotspot/share/interpreter/linkResolver.cpp, line 790]

Events (20 events):
Event: 1.885 loading class java/lang/annotation/Target
Event: 1.885 loading class java/lang/annotation/Target done
Event: 1.890 loading class javax/management/DescriptorKey
Event: 1.890 loading class javax/management/DescriptorKey done
Event: 1.891 loading class sun/management/MemoryImpl
Event: 1.891 loading class java/lang/management/MemoryMXBean
Event: 1.891 loading class java/lang/management/MemoryMXBean done
Event: 1.891 loading class sun/management/MemoryImpl done
Event: 1.891 loading class java/lang/management/MemoryManagerMXBean
Event: 1.891 loading class java/lang/management/MemoryManagerMXBean done
Event: 1.892 loading class sun/management/MemoryManagerImpl
Event: 1.892 loading class sun/management/MemoryManagerImpl done
Event: 1.892 loading class com/sun/management/internal/GarbageCollectorExtImpl
Event: 1.893 loading class com/sun/management/GarbageCollectorMXBean
Event: 1.893 loading class java/lang/management/GarbageCollectorMXBean
Event: 1.893 loading class java/lang/management/GarbageCollectorMXBean done
Event: 1.893 loading class com/sun/management/GarbageCollectorMXBean done
Event: 1.893 loading class sun/management/GarbageCollectorImpl
Event: 1.893 loading class sun/management/GarbageCollectorImpl done
Event: 1.893 loading class com/sun/management/internal/GarbageCollectorExtImpl done


Dynamic libraries:
0x000000010b07c000 	/Library/Java/JavaVirtualMachines/jdk-16.0.1.jdk/Contents/Home/lib/libjli.dylib
0x00007ff829680000 	/usr/lib/libz.1.dylib
0x00007ff829766000 	/usr/lib/libSystem.B.dylib
0x00007ff829761000 	/usr/lib/system/libcache.dylib
0x00007ff82971d000 	/usr/lib/system/libcommonCrypto.dylib
0x00007ff829746000 	/usr/lib/system/libcompiler_rt.dylib
0x00007ff82973c000 	/usr/lib/system/libcopyfile.dylib
0x00007ff81e3a2000 	/usr/lib/system/libcorecrypto.dylib
0x00007ff81e461000 	/usr/lib/system/libdispatch.dylib
0x00007ff81e623000 	/usr/lib/system/libdyld.dylib
0x00007ff829758000 	/usr/lib/system/libkeymgr.dylib
0x00007ff8296fb000 	/usr/lib/system/libmacho.dylib
0x00007ff828d85000 	/usr/lib/system/libquarantine.dylib
0x00007ff829756000 	/usr/lib/system/libremovefile.dylib
0x00007ff8234ad000 	/usr/lib/system/libsystem_asl.dylib
0x00007ff81e350000 	/usr/lib/system/libsystem_blocks.dylib
0x00007ff81e4e8000 	/usr/lib/system/libsystem_c.dylib
0x00007ff82974e000 	/usr/lib/system/libsystem_collections.dylib
0x00007ff8280a6000 	/usr/lib/system/libsystem_configuration.dylib
0x00007ff827365000 	/usr/lib/system/libsystem_containermanager.dylib
0x00007ff829432000 	/usr/lib/system/libsystem_coreservices.dylib
0x00007ff820b73000 	/usr/lib/system/libsystem_darwin.dylib
0x00007ff829759000 	/usr/lib/system/libsystem_dnssd.dylib
0x00007ff81e4e5000 	/usr/lib/system/libsystem_featureflags.dylib
0x00007ff81e639000 	/usr/lib/system/libsystem_info.dylib
0x00007ff829693000 	/usr/lib/system/libsystem_m.dylib
0x00007ff81e435000 	/usr/lib/system/libsystem_malloc.dylib
0x00007ff82344a000 	/usr/lib/system/libsystem_networkextension.dylib
0x00007ff820f9b000 	/usr/lib/system/libsystem_notify.dylib
0x00007ff82f991000 	/usr/lib/system/libsystem_product_info_filter.dylib
0x00007ff8280aa000 	/usr/lib/system/libsystem_sandbox.dylib
0x00007ff829753000 	/usr/lib/system/libsystem_secinit.dylib
0x00007ff81e5e0000 	/usr/lib/system/libsystem_kernel.dylib
0x00007ff81e62f000 	/usr/lib/system/libsystem_platform.dylib
0x00007ff81e617000 	/usr/lib/system/libsystem_pthread.dylib
0x00007ff824d75000 	/usr/lib/system/libsystem_symptoms.dylib
0x00007ff81e389000 	/usr/lib/system/libsystem_trace.dylib
0x00007ff829729000 	/usr/lib/system/libunwind.dylib
0x00007ff81e352000 	/usr/lib/system/libxpc.dylib
0x00007ff81e5ca000 	/usr/lib/libc++abi.dylib
0x00007ff81e4a8000 	/usr/lib/libobjc.A.dylib
0x00007ff829734000 	/usr/lib/liboah.dylib
0x00007ff81e571000 	/usr/lib/libc++.1.dylib
0x00007ff8356e7000 	/System/Library/Frameworks/Cocoa.framework/Versions/A/Cocoa
0x00007ff820ff9000 	/System/Library/Frameworks/AppKit.framework/Versions/C/AppKit
0x00007ff824552000 	/System/Library/Frameworks/CoreData.framework/Versions/A/CoreData
0x00007ff81f410000 	/System/Library/Frameworks/Foundation.framework/Versions/C/Foundation
0x00007ff821e88000 	/System/Library/PrivateFrameworks/UIFoundation.framework/Versions/A/UIFoundation
0x00007ff82f698000 	/System/Library/PrivateFrameworks/RemoteViewServices.framework/Versions/A/RemoteViewServices
0x00007ff827a3d000 	/System/Library/PrivateFrameworks/XCTTargetBootstrap.framework/Versions/A/XCTTargetBootstrap
0x00007ff82b632000 	/System/Library/PrivateFrameworks/InternationalSupport.framework/Versions/A/InternationalSupport
0x00007ff82b6bc000 	/System/Library/PrivateFrameworks/UserActivity.framework/Versions/A/UserActivity
0x00007ff82aa19000 	/usr/lib/libspindump.dylib
0x00007ff822116000 	/System/Library/Frameworks/UniformTypeIdentifiers.framework/Versions/A/UniformTypeIdentifiers
0x00007ff82617a000 	/usr/lib/libapp_launch_measurement.dylib
0x00007ff824f2e000 	/System/Library/PrivateFrameworks/CoreAnalytics.framework/Versions/A/CoreAnalytics
0x00007ff82617d000 	/System/Library/PrivateFrameworks/CoreAutoLayout.framework/Versions/A/CoreAutoLayout
0x00007ff82739d000 	/System/Library/Frameworks/Metal.framework/Versions/A/Metal
0x00007ff8280b5000 	/usr/lib/liblangid.dylib
0x00007ff827a41000 	/System/Library/PrivateFrameworks/CoreSVG.framework/Versions/A/CoreSVG
0x00007ff8234dd000 	/System/Library/PrivateFrameworks/SkyLight.framework/Versions/A/SkyLight
0x00007ff823870000 	/System/Library/Frameworks/CoreGraphics.framework/Versions/A/CoreGraphics
0x00007ff82fd07000 	/System/Library/Frameworks/Accelerate.framework/Versions/A/Accelerate
0x00007ff82a494000 	/System/Library/PrivateFrameworks/IconServices.framework/Versions/A/IconServices
0x00007ff827382000 	/System/Library/Frameworks/IOSurface.framework/Versions/A/IOSurface
0x00007ff824f5c000 	/usr/lib/libDiagnosticMessagesClient.dylib
0x00007ff833376000 	/System/Library/Frameworks/ApplicationServices.framework/Versions/A/ApplicationServices
0x00007ff827a29000 	/System/Library/PrivateFrameworks/DFRFoundation.framework/Versions/A/DFRFoundation
0x00007ff8208ea000 	/usr/lib/libicucore.A.dylib
0x00007ff82c357000 	/System/Library/Frameworks/AudioToolbox.framework/Versions/A/AudioToolbox
0x00007ff82b63e000 	/System/Library/PrivateFrameworks/DataDetectorsCore.framework/Versions/A/DataDetectorsCore
0x00007ff926f37000 	/System/Library/PrivateFrameworks/TextInput.framework/Versions/A/TextInput
0x00007ff823461000 	/usr/lib/libMobileGestalt.dylib
0x00007ff827731000 	/System/Library/Frameworks/Carbon.framework/Versions/A/Frameworks/HIToolbox.framework/Versions/A/HIToolbox
0x00007ff825ba7000 	/System/Library/Frameworks/QuartzCore.framework/Versions/A/QuartzCore
0x00007ff82058a000 	/System/Library/Frameworks/Security.framework/Versions/A/Security
0x00007ff82f6d0000 	/System/Library/Frameworks/Carbon.framework/Versions/A/Frameworks/SpeechRecognition.framework/Versions/A/SpeechRecognition
0x00007ff825eda000 	/System/Library/PrivateFrameworks/CoreUI.framework/Versions/A/CoreUI
0x00007ff81fe62000 	/System/Library/Frameworks/CoreAudio.framework/Versions/A/CoreAudio
0x00007ff82504a000 	/System/Library/Frameworks/DiskArbitration.framework/Versions/A/DiskArbitration
0x00007ff82adfc000 	/System/Library/PrivateFrameworks/MultitouchSupport.framework/Versions/A/MultitouchSupport
0x00007ff823460000 	/usr/lib/libenergytrace.dylib
0x00007ff820ee5000 	/System/Library/Frameworks/IOKit.framework/Versions/A/IOKit
0x00007ff82fabc000 	/System/Library/Frameworks/CoreServices.framework/Versions/A/CoreServices
0x00007ff826114000 	/System/Library/PrivateFrameworks/PerformanceAnalysis.framework/Versions/A/PerformanceAnalysis
0x00007ffa36a19000 	/System/Library/Frameworks/OpenGL.framework/Versions/A/OpenGL
0x00007ff828cb1000 	/System/Library/PrivateFrameworks/MobileKeyBag.framework/Versions/A/MobileKeyBag
0x00007ff823f9f000 	/System/Library/Frameworks/ColorSync.framework/Versions/A/ColorSync
0x00007ff81e664000 	/System/Library/Frameworks/CoreFoundation.framework/Versions/A/CoreFoundation
0x00007ff827cbc000 	/System/Library/Frameworks/CoreImage.framework/Versions/A/CoreImage
0x00007ff81fc78000 	/System/Library/Frameworks/CoreText.framework/Versions/A/CoreText
0x00007ff827a70000 	/System/Library/Frameworks/ImageIO.framework/Versions/A/ImageIO
0x00007ff82976c000 	/System/Library/PrivateFrameworks/SoftLinking.framework/Versions/A/SoftLinking
0x00007ff8261c5000 	/usr/lib/libxml2.2.dylib
0x00007ff8299ed000 	/usr/lib/libcompression.dylib
0x00007ff82b568000 	/System/Library/PrivateFrameworks/TextureIO.framework/Versions/A/TextureIO
0x00007ff82a10d000 	/usr/lib/libate.dylib
0x00007ff829ec6000 	/usr/lib/liblzma.5.dylib
0x00007ff81f121000 	/System/Library/Frameworks/SystemConfiguration.framework/Versions/A/SystemConfiguration
0x00007ff829768000 	/usr/lib/libfakelink.dylib
0x00007ff822fb3000 	/System/Library/Frameworks/CFNetwork.framework/Versions/A/CFNetwork
0x00007ff8298a7000 	/usr/lib/libarchive.2.dylib
0x00007ff8280b1000 	/System/Library/PrivateFrameworks/AppleSystemInfo.framework/Versions/A/AppleSystemInfo
0x00007ff828dac000 	/usr/lib/libbsm.0.dylib
0x00007ff8225e9000 	/usr/lib/libnetwork.dylib
0x00007ff829701000 	/usr/lib/system/libkxld.dylib
0x00007ff8289da000 	/System/Library/PrivateFrameworks/IOMobileFramebuffer.framework/Versions/A/IOMobileFramebuffer
0x00007ffb3460e000 	/usr/lib/libCoreEntitlements.dylib
0x00007ff829414000 	/System/Library/PrivateFrameworks/AppleFSCompression.framework/Versions/A/AppleFSCompression
0x00007ff828d94000 	/usr/lib/libcoretls.dylib
0x00007ff829ee0000 	/usr/lib/libcoretls_cfhelpers.dylib
0x00007ff8299e8000 	/usr/lib/libpam.2.dylib
0x00007ff82499b000 	/usr/lib/libsqlite3.dylib
0x00007ff829f4f000 	/usr/lib/libxar.1.dylib
0x00007ff829424000 	/usr/lib/libbz2.1.0.dylib
0x00007ff82976d000 	/usr/lib/libpcap.A.dylib
0x00007ff824d6c000 	/usr/lib/libdns_services.dylib
0x00007ff8299ba000 	/usr/lib/libapple_nghttp2.dylib
0x00007ff8297a4000 	/usr/lib/libiconv.2.dylib
0x00007ff8296fa000 	/usr/lib/libcharset.1.dylib
0x00007ff826148000 	/System/Library/Frameworks/CoreServices.framework/Versions/A/Frameworks/FSEvents.framework/Versions/A/FSEvents
0x00007ff820b7d000 	/System/Library/Frameworks/CoreServices.framework/Versions/A/Frameworks/CarbonCore.framework/Versions/A/CarbonCore
0x00007ff824faf000 	/System/Library/Frameworks/CoreServices.framework/Versions/A/Frameworks/Metadata.framework/Versions/A/Metadata
0x00007ff829437000 	/System/Library/Frameworks/CoreServices.framework/Versions/A/Frameworks/OSServices.framework/Versions/A/OSServices
0x00007ff82992e000 	/System/Library/Frameworks/CoreServices.framework/Versions/A/Frameworks/SearchKit.framework/Versions/A/SearchKit
0x00007ff824cfe000 	/System/Library/Frameworks/CoreServices.framework/Versions/A/Frameworks/AE.framework/Versions/A/AE
0x00007ff81eb65000 	/System/Library/Frameworks/CoreServices.framework/Versions/A/Frameworks/LaunchServices.framework/Versions/A/LaunchServices
0x00007ff829e77000 	/System/Library/Frameworks/CoreServices.framework/Versions/A/Frameworks/DictionaryServices.framework/Versions/A/DictionaryServices
0x00007ff826155000 	/System/Library/Frameworks/CoreServices.framework/Versions/A/Frameworks/SharedFileList.framework/Versions/A/SharedFileList
0x00007ff828d88000 	/usr/lib/libCheckFix.dylib
0x00007ff8234c4000 	/System/Library/PrivateFrameworks/TCC.framework/Versions/A/TCC
0x00007ff8280b7000 	/System/Library/PrivateFrameworks/CoreNLP.framework/Versions/A/CoreNLP
0x00007ff824f5f000 	/System/Library/PrivateFrameworks/MetadataUtilities.framework/Versions/A/MetadataUtilities
0x00007ff81f1d1000 	/usr/lib/libmecabra.dylib
0x00007ff828dbc000 	/usr/lib/libmecab.dylib
0x00007ff81f19c000 	/usr/lib/libCRFSuite.dylib
0x00007ff828e19000 	/usr/lib/libgermantok.dylib
0x00007ff829995000 	/usr/lib/libThaiTokenizer.dylib
0x00007ff825051000 	/System/Library/Frameworks/Accelerate.framework/Versions/A/Frameworks/vImage.framework/Versions/A/vImage
0x00007ff82fa93000 	/System/Library/Frameworks/Accelerate.framework/Versions/A/Frameworks/vecLib.framework/Versions/A/vecLib
0x00007ff829f90000 	/System/Library/Frameworks/Accelerate.framework/Versions/A/Frameworks/vecLib.framework/Versions/A/libvMisc.dylib
0x00007ff8287ce000 	/System/Library/Frameworks/Accelerate.framework/Versions/A/Frameworks/vecLib.framework/Versions/A/libvDSP.dylib
0x00007ff81eedd000 	/System/Library/Frameworks/Accelerate.framework/Versions/A/Frameworks/vecLib.framework/Versions/A/libBLAS.dylib
0x00007ff829aca000 	/System/Library/Frameworks/Accelerate.framework/Versions/A/Frameworks/vecLib.framework/Versions/A/libLAPACK.dylib
0x00007ff828e1c000 	/System/Library/Frameworks/Accelerate.framework/Versions/A/Frameworks/vecLib.framework/Versions/A/libLinearAlgebra.dylib
0x00007ff8299d3000 	/System/Library/Frameworks/Accelerate.framework/Versions/A/Frameworks/vecLib.framework/Versions/A/libSparseBLAS.dylib
0x00007ff829ac4000 	/System/Library/Frameworks/Accelerate.framework/Versions/A/Frameworks/vecLib.framework/Versions/A/libQuadrature.dylib
0x00007ff8281a1000 	/System/Library/Frameworks/Accelerate.framework/Versions/A/Frameworks/vecLib.framework/Versions/A/libBNNS.dylib
0x00007ff81f0b2000 	/System/Library/Frameworks/Accelerate.framework/Versions/A/Frameworks/vecLib.framework/Versions/A/libSparse.dylib
0x00007ff82819a000 	/System/Library/PrivateFrameworks/LinguisticData.framework/Versions/A/LinguisticData
0x00007ff81f067000 	/System/Library/PrivateFrameworks/Lexicon.framework/Versions/A/Lexicon
0x00007ff829f89000 	/usr/lib/libChineseTokenizer.dylib
0x00007ff81f7cb000 	/System/Library/PrivateFrameworks/LanguageModeling.framework/Versions/A/LanguageModeling
0x00007ff829997000 	/System/Library/PrivateFrameworks/AppleSauce.framework/Versions/A/AppleSauce
0x00007ff8289c8000 	/System/Library/PrivateFrameworks/CoreEmoji.framework/Versions/A/CoreEmoji
0x00007ff829896000 	/usr/lib/libcmph.dylib
0x00007ff82612c000 	/System/Library/Frameworks/OpenDirectory.framework/Versions/A/Frameworks/CFOpenDirectory.framework/Versions/A/CFOpenDirectory
0x00007ff826120000 	/System/Library/Frameworks/OpenDirectory.framework/Versions/A/OpenDirectory
0x00007ff829ee2000 	/System/Library/PrivateFrameworks/APFS.framework/Versions/A/APFS
0x00007ff828ce9000 	/System/Library/Frameworks/SecurityFoundation.framework/Versions/A/SecurityFoundation
0x00007ff829f5d000 	/usr/lib/libutil.dylib
0x00007ff820ea8000 	/System/Library/PrivateFrameworks/CoreServicesStore.framework/Versions/A/CoreServicesStore
0x00007ff829f61000 	/usr/lib/libxslt.1.dylib
0x00007ff828d76000 	/System/Library/PrivateFrameworks/BackgroundTaskManagement.framework/Versions/A/BackgroundTaskManagement
0x00007ff82b48a000 	/System/Library/Frameworks/ImageIO.framework/Versions/A/Resources/libRadiance.dylib
0x00007ff82b493000 	/System/Library/Frameworks/ImageIO.framework/Versions/A/Resources/libJPEG.dylib
0x00007ff82b3e4000 	/System/Library/Frameworks/ImageIO.framework/Versions/A/Resources/libPng.dylib
0x00007ff82b405000 	/System/Library/Frameworks/ImageIO.framework/Versions/A/Resources/libTIFF.dylib
0x00007ff82b4f1000 	/System/Library/Frameworks/ImageIO.framework/Versions/A/Resources/libGIF.dylib
0x00007ff82ad19000 	/System/Library/Frameworks/ImageIO.framework/Versions/A/Resources/libJP2.dylib
0x00007ff82a45b000 	/usr/lib/libexpat.1.dylib
0x00007ff82acce000 	/System/Library/PrivateFrameworks/AppleJPEG.framework/Versions/A/AppleJPEG
0x00007ff8275f8000 	/System/Library/PrivateFrameworks/FontServices.framework/libFontParser.dylib
0x00007ff824ca8000 	/System/Library/PrivateFrameworks/RunningBoardServices.framework/Versions/A/RunningBoardServices
0x00007ff835c61000 	/System/Library/PrivateFrameworks/IOSurfaceAccelerator.framework/Versions/A/IOSurfaceAccelerator
0x00007ff82adf8000 	/System/Library/PrivateFrameworks/WatchdogClient.framework/Versions/A/WatchdogClient
0x00007ff81f8ba000 	/System/Library/Frameworks/CoreDisplay.framework/Versions/A/CoreDisplay
0x00007ff8274f7000 	/System/Library/Frameworks/CoreMedia.framework/Versions/A/CoreMedia
0x00007ff827394000 	/System/Library/PrivateFrameworks/IOAccelerator.framework/Versions/A/IOAccelerator
0x00007ff8262a8000 	/System/Library/Frameworks/CoreVideo.framework/Versions/A/CoreVideo
0x00007ff8299e6000 	/System/Library/Frameworks/MetalPerformanceShaders.framework/Versions/A/MetalPerformanceShaders
0x00007ff82ae33000 	/System/Library/Frameworks/VideoToolbox.framework/Versions/A/VideoToolbox
0x00007ff824bf0000 	/System/Library/PrivateFrameworks/BaseBoard.framework/Versions/A/BaseBoard
0x00007ff824981000 	/System/Library/PrivateFrameworks/ProtocolBuffer.framework/Versions/A/ProtocolBuffer
0x00007ff82b483000 	/System/Library/PrivateFrameworks/GPUWrangler.framework/Versions/A/GPUWrangler
0x00007ff82b466000 	/System/Library/PrivateFrameworks/IOPresentment.framework/Versions/A/IOPresentment
0x00007ff82b48d000 	/System/Library/PrivateFrameworks/DSExternalDisplay.framework/Versions/A/DSExternalDisplay
0x00007ffa36a0d000 	/System/Library/Frameworks/OpenGL.framework/Versions/A/Libraries/libCoreFSCache.dylib
0x00007ffb228f8000 	/System/Library/PrivateFrameworks/GPUCompiler.framework/Versions/31001/Libraries/libGPUCompilerUtils.dylib
0x00007ff82b4f6000 	/System/Library/PrivateFrameworks/CMCaptureCore.framework/Versions/A/CMCaptureCore
0x00007ff82aa07000 	/System/Library/PrivateFrameworks/AppServerSupport.framework/Versions/A/AppServerSupport
0x00007ff82cbdd000 	/System/Library/PrivateFrameworks/perfdata.framework/Versions/A/perfdata
0x00007ff81f9e6000 	/System/Library/PrivateFrameworks/AudioToolboxCore.framework/Versions/A/AudioToolboxCore
0x00007ff8274d4000 	/System/Library/PrivateFrameworks/caulk.framework/Versions/A/caulk
0x00007ff82c501000 	/usr/lib/libAudioStatistics.dylib
0x00007ff9237c8000 	/System/Library/PrivateFrameworks/SystemPolicy.framework/Versions/A/SystemPolicy
0x00007ff82c756000 	/usr/lib/libSMC.dylib
0x00007ff83559a000 	/System/Library/Frameworks/CoreMIDI.framework/Versions/A/CoreMIDI
0x00007ff82b3b4000 	/usr/lib/libAudioToolboxUtility.dylib
0x00007ff91fbda000 	/System/Library/PrivateFrameworks/OSAServicesClient.framework/Versions/A/OSAServicesClient
0x00007ff82cbea000 	/usr/lib/libperfcheck.dylib
0x00007ff92425a000 	/usr/lib/libmis.dylib
0x00007ffa36a69000 	/System/Library/Frameworks/OpenGL.framework/Versions/A/Libraries/libGLU.dylib
0x00007ffa36a2c000 	/System/Library/Frameworks/OpenGL.framework/Versions/A/Libraries/libGFXShared.dylib
0x00007ffa36c3a000 	/System/Library/Frameworks/OpenGL.framework/Versions/A/Libraries/libGL.dylib
0x00007ffa36a35000 	/System/Library/Frameworks/OpenGL.framework/Versions/A/Libraries/libGLImage.dylib
0x00007ffa36a29000 	/System/Library/Frameworks/OpenGL.framework/Versions/A/Libraries/libCVMSPluginSupport.dylib
0x00007ffa36a14000 	/System/Library/Frameworks/OpenGL.framework/Versions/A/Libraries/libCoreVMClient.dylib
0x00007ff828035000 	/System/Library/Frameworks/MetalPerformanceShaders.framework/Versions/A/Frameworks/MPSCore.framework/Versions/A/MPSCore
0x00007ff82937f000 	/System/Library/Frameworks/MetalPerformanceShaders.framework/Versions/A/Frameworks/MPSImage.framework/Versions/A/MPSImage
0x00007ff828e32000 	/System/Library/Frameworks/MetalPerformanceShaders.framework/Versions/A/Frameworks/MPSNeuralNetwork.framework/Versions/A/MPSNeuralNetwork
0x00007ff8292a7000 	/System/Library/Frameworks/MetalPerformanceShaders.framework/Versions/A/Frameworks/MPSMatrix.framework/Versions/A/MPSMatrix
0x00007ff829063000 	/System/Library/Frameworks/MetalPerformanceShaders.framework/Versions/A/Frameworks/MPSRayIntersector.framework/Versions/A/MPSRayIntersector
0x00007ff8292e0000 	/System/Library/Frameworks/MetalPerformanceShaders.framework/Versions/A/Frameworks/MPSNDArray.framework/Versions/A/MPSNDArray
0x00007ffa3b62b000 	/System/Library/Frameworks/MetalPerformanceShaders.framework/Versions/A/Frameworks/MPSFunctions.framework/Versions/A/MPSFunctions
0x00007ff81edc0000 	/System/Library/PrivateFrameworks/MetalTools.framework/Versions/A/MetalTools
0x00007ff8280af000 	/System/Library/PrivateFrameworks/AggregateDictionary.framework/Versions/A/AggregateDictionary
0x00007ff82a23d000 	/usr/lib/libIOReport.dylib
0x00007ffa38049000 	/System/Library/Frameworks/OpenCL.framework/Versions/A/OpenCL
0x00007ff82a5a1000 	/System/Library/PrivateFrameworks/FaceCore.framework/Versions/A/FaceCore
0x00007ff82a592000 	/System/Library/PrivateFrameworks/GraphVisualizer.framework/Versions/A/GraphVisualizer
0x00007ffb22803000 	/System/Library/PrivateFrameworks/FontServices.framework/Versions/A/FontServices
0x00007ff82a9be000 	/System/Library/PrivateFrameworks/OTSVG.framework/Versions/A/OTSVG
0x00007ff825e90000 	/System/Library/Frameworks/ApplicationServices.framework/Versions/A/Frameworks/ATS.framework/Versions/A/Resources/libFontRegistry.dylib
0x00007ff82aa0f000 	/System/Library/PrivateFrameworks/FontServices.framework/libhvf.dylib
0x00007ffb22804000 	/System/Library/PrivateFrameworks/FontServices.framework/libXTFontStaticRegistryData.dylib
0x00007ff82a40b000 	/System/Library/PrivateFrameworks/AppleVA.framework/Versions/A/AppleVA
0x00007ff82c525000 	/System/Library/Frameworks/ApplicationServices.framework/Versions/A/Frameworks/ATS.framework/Versions/A/ATS
0x00007ff82409b000 	/System/Library/Frameworks/ApplicationServices.framework/Versions/A/Frameworks/HIServices.framework/Versions/A/HIServices
0x00007ff82b500000 	/System/Library/Frameworks/ApplicationServices.framework/Versions/A/Frameworks/PrintCore.framework/Versions/A/PrintCore
0x00007ff82c8a9000 	/System/Library/Frameworks/ApplicationServices.framework/Versions/A/Frameworks/QD.framework/Versions/A/QD
0x00007ff82c8a1000 	/System/Library/Frameworks/ApplicationServices.framework/Versions/A/Frameworks/ColorSyncLegacy.framework/Versions/A/ColorSyncLegacy
0x00007ff82c515000 	/System/Library/Frameworks/ApplicationServices.framework/Versions/A/Frameworks/SpeechSynthesis.framework/Versions/A/SpeechSynthesis
0x00007ff82b4c1000 	/System/Library/Frameworks/ApplicationServices.framework/Versions/A/Frameworks/ATSUI.framework/Versions/A/ATSUI
0x00007ff82c836000 	/usr/lib/libcups.2.dylib
0x00007ff82cbf9000 	/System/Library/Frameworks/Kerberos.framework/Versions/A/Kerberos
0x00007ff82cc08000 	/System/Library/Frameworks/GSS.framework/Versions/A/GSS
0x00007ff82c591000 	/usr/lib/libresolv.9.dylib
0x00007ff82aa1e000 	/System/Library/PrivateFrameworks/Heimdal.framework/Versions/A/Heimdal
0x00007ff8336f1000 	/System/Library/Frameworks/Kerberos.framework/Versions/A/Libraries/libHeimdalProxy.dylib
0x00007ff824d7d000 	/System/Library/Frameworks/Network.framework/Versions/A/Network
0x00007ff82a475000 	/usr/lib/libheimdal-asn1.dylib
0x00007ff82cc54000 	/System/Library/PrivateFrameworks/CommonAuth.framework/Versions/A/CommonAuth
0x00007ff82c492000 	/System/Library/PrivateFrameworks/AudioSession.framework/Versions/A/AudioSession
0x00007ff82a505000 	/System/Library/PrivateFrameworks/MediaExperience.framework/Versions/A/MediaExperience
0x00007ff82c326000 	/System/Library/PrivateFrameworks/AudioSession.framework/libSessionUtility.dylib
0x00007ff82c8b5000 	/System/Library/PrivateFrameworks/AudioResourceArbitration.framework/Versions/A/AudioResourceArbitration
0x00007ff8308a6000 	/System/Library/PrivateFrameworks/PowerLog.framework/Versions/A/PowerLog
0x00007ff82a47e000 	/System/Library/PrivateFrameworks/IconFoundation.framework/Versions/A/IconFoundation
0x00007ff82f6c0000 	/System/Library/PrivateFrameworks/SpeechRecognitionCore.framework/Versions/A/SpeechRecognitionCore
0x00007ffa27eb2000 	/System/Library/CoreServices/Encodings/libKoreanConverter.dylib
0x000000010c11b000 	/Library/Java/JavaVirtualMachines/jdk-16.0.1.jdk/Contents/Home/lib/server/libjvm.dylib
0x000000010b11a000 	/Library/Java/JavaVirtualMachines/jdk-16.0.1.jdk/Contents/Home/lib/libjimage.dylib
0x000000010b135000 	/Library/Java/JavaVirtualMachines/jdk-16.0.1.jdk/Contents/Home/lib/libinstrument.dylib
0x000000010b185000 	/Library/Java/JavaVirtualMachines/jdk-16.0.1.jdk/Contents/Home/lib/libjava.dylib
0x000000010b280000 	/private/var/folders/kk/xhh_zm8n25nc68wywypkvfz80000gn/T/libasyncProfiler.so
0x000000010c09e000 	/Library/Java/JavaVirtualMachines/jdk-16.0.1.jdk/Contents/Home/lib/libzip.dylib
0x000000010c0cf000 	/Library/Java/JavaVirtualMachines/jdk-16.0.1.jdk/Contents/Home/lib/libnio.dylib
0x000000012e045000 	/Library/Java/JavaVirtualMachines/jdk-16.0.1.jdk/Contents/Home/lib/libnet.dylib
0x000000012e0a7000 	/Library/Java/JavaVirtualMachines/jdk-16.0.1.jdk/Contents/Home/lib/libextnet.dylib
0x000000010d2db000 	/Library/Java/JavaVirtualMachines/jdk-16.0.1.jdk/Contents/Home/lib/libmanagement.dylib
0x000000010d2fa000 	/Library/Java/JavaVirtualMachines/jdk-16.0.1.jdk/Contents/Home/lib/libmanagement_ext.dylib


VM Arguments:
jvm_args: -XX:TieredStopAtLevel=1 -Xverify:none -Dspring.output.ansi.enabled=always -javaagent:/Users/chaesang-yeob/Library/Application Support/JetBrains/Toolbox/apps/IDEA-U/ch-0/212.5457.46/IntelliJ IDEA.app/Contents/lib/idea_rt.jar=55324:/Users/chaesang-yeob/Library/Application Support/JetBrains/Toolbox/apps/IDEA-U/ch-0/212.5457.46/IntelliJ IDEA.app/Contents/bin -Dcom.sun.management.jmxremote -Dspring.jmx.enabled=true -Dspring.liveBeansView.mbeanDomain -Dspring.application.admin.enabled=true -agentpath:/private/var/folders/kk/xhh_zm8n25nc68wywypkvfz80000gn/T/libasyncProfiler.so=start,jfr,event=cpu,interval=1ms,event=alloc,file=/Users/chaesang-yeob/HoneybeSpringApplication_2022_01_15_112133.jfr -Dfile.encoding=UTF-8 
java_command: com.example.honeybe_spring.HoneybeSpringApplication
java_class_path (initial): /Users/chaesang-yeob/Downloads/TMI_Spring/out/production/classes:/Users/chaesang-yeob/Downloads/TMI_Spring/out/production/resources:/Users/chaesang-yeob/.gradle/caches/modules-2/files-2.1/org.projectlombok/lombok/1.18.22/9c08ea24c6eb714e2d6170e8122c069a0ba9aacf/lombok-1.18.22.jar:/Users/chaesang-yeob/.gradle/caches/modules-2/files-2.1/org.springframework.boot/spring-boot-starter-web/2.6.2/685b236afc0144a52383cd2c52731dd016f9badd/spring-boot-starter-web-2.6.2.jar:/Users/chaesang-yeob/.gradle/caches/modules-2/files-2.1/org.springframework.boot/spring-boot-starter-data-jpa/2.6.2/3eb637ccd03194f1d639b9efed1ff7d73c8592e3/spring-boot-starter-data-jpa-2.6.2.jar:/Users/chaesang-yeob/.gradle/caches/modules-2/files-2.1/com.h2database/h2/1.4.200/f7533fe7cb8e99c87a43d325a77b4b678ad9031a/h2-1.4.200.jar:/Users/chaesang-yeob/.gradle/caches/modules-2/files-2.1/org.springframework.boot/spring-boot-starter-data-mongodb/2.6.2/cbb1a325e5a35faa92d5ccce398a7f86d980f664/spring-boot-starter-data-mongodb-2.6.2.jar:/Users/chaesang-yeob/.gradle/caches/modules-2/files-2.1/org.springframework.boot/spring-boot-starter-json/2.6.2/c0d457ff259c487521706fd2efac75d61595d527/spring-boot-starter-json-2.6.2.jar:/Users/chaesang-yeob/.gradle/caches/modules-2/files-2.1/org.springframework.boot/spring-boot-starter/2.6.2/c36f1f6886cdbedc5347fdea62b97b44b053b0ba/spring-boot-starter-2.6.2.jar:/Users/chaesang-yeob/.gradle/caches/modules-2/files-2.1/org.springframework.boot/spring-boot-starter-tomcat/2.6.2/81bc9a57c0df9787e122c3b2a66e5a1ac0e139a5/spring-boot-starter-tomcat-2.6.2.jar:/Users/chaesang-yeob/.gradle/caches/modules-2/files-2.1/org.springframework/spring-webmvc/5.3.14/beb6dc57abf6685878b824d8ab0af39ebd1cfbae/spring-webmvc-5.3.14.jar:/Users/chaesang-yeob/.gradle/caches/modules-2/files-2.1/org.springframework/spring-web/5.3.14/801d96f3914ace2e347ee3f6d29e21073e4f50ed/spring-web-5.3.14.jar:/Users/chaesang-yeob/.gradle/caches/modules-2/files-2.1/org.springframework.boot/spring-
Launcher Type: SUN_STANDARD

[Global flags]
     intx CICompilerCount                          = 4                                         {product} {ergonomic}
     uint ConcGCThreads                            = 2                                         {product} {ergonomic}
     uint G1ConcRefinementThreads                  = 8                                         {product} {ergonomic}
   size_t G1HeapRegionSize                         = 1048576                                   {product} {ergonomic}
    uintx GCDrainStackTargetSize                   = 64                                        {product} {ergonomic}
   size_t InitialHeapSize                          = 134217728                                 {product} {ergonomic}
     bool ManagementServer                         = true                                      {product} {command line}
   size_t MarkStackSize                            = 4194304                                   {product} {ergonomic}
   size_t MaxHeapSize                              = 2147483648                                {product} {ergonomic}
   size_t MaxNewSize                               = 1287651328                                {product} {ergonomic}
   size_t MinHeapDeltaBytes                        = 1048576                                   {product} {ergonomic}
   size_t MinHeapSize                              = 8388608                                   {product} {ergonomic}
    uintx NonNMethodCodeHeapSize                   = 7549744                                {pd product} {ergonomic}
    uintx NonProfiledCodeHeapSize                  = 244108496                              {pd product} {ergonomic}
    uintx ProfiledCodeHeapSize                     = 0                                      {pd product} {ergonomic}
    uintx ReservedCodeCacheSize                    = 251658240                              {pd product} {ergonomic}
     bool SegmentedCodeCache                       = true                                      {product} {ergonomic}
   size_t SoftMaxHeapSize                          = 2147483648                             {manageable} {ergonomic}
     intx TieredStopAtLevel                        = 1                                         {product} {command line}
     bool UseCompressedClassPointers               = true                           {product lp64_product} {ergonomic}
     bool UseCompressedOops                        = true                           {product lp64_product} {ergonomic}
     bool UseG1GC                                  = true                                      {product} {ergonomic}
     bool UseNUMA                                  = false                                     {product} {ergonomic}
     bool UseNUMAInterleaving                      = false                                     {product} {ergonomic}

Logging:
Log output configuration:
 #0: stdout all=warning,jni+resolve=error uptime,level,tags (reconfigured)
 #1: stderr all=off uptime,level,tags

Environment Variables:
PATH=/Users/chaesang-yeob/.rbenv/bin:/usr/local/mongodb:/bin
SHELL=/bin/zsh
LC_CTYPE=ko_KR.UTF-8

Signal Handlers:
SIGSEGV: [libjvm.dylib+0xa7da90], sa_mask[0]=11100110100111111111111111111111, sa_flags=SA_ONSTACK|SA_RESTART|SA_SIGINFO
SIGBUS: [libjvm.dylib+0xa7da90], sa_mask[0]=11100110100111111111111111111111, sa_flags=SA_RESTART|SA_SIGINFO
SIGFPE: [libjvm.dylib+0xa7da90], sa_mask[0]=11100110100111111111111111111111, sa_flags=SA_RESTART|SA_SIGINFO
SIGPIPE: [libjvm.dylib+0x947540], sa_mask[0]=11100110100111111111111111111111, sa_flags=SA_RESTART|SA_SIGINFO
SIGXFSZ: [libjvm.dylib+0x947540], sa_mask[0]=11100110100111111111111111111111, sa_flags=SA_RESTART|SA_SIGINFO
SIGILL: [libjvm.dylib+0xa7da90], sa_mask[0]=11100110100111111111111111111111, sa_flags=SA_RESTART|SA_SIGINFO
SIGUSR2: [libjvm.dylib+0x947ff0], sa_mask[0]=00100000000000000000000000000000, sa_flags=SA_RESTART|SA_SIGINFO
SIGHUP: [libjvm.dylib+0x9465b0], sa_mask[0]=11100110100111111111111111111111, sa_flags=SA_RESTART|SA_SIGINFO
SIGINT: [libjvm.dylib+0x9465b0], sa_mask[0]=11100110100111111111111111111111, sa_flags=SA_RESTART|SA_SIGINFO
SIGTERM: [libjvm.dylib+0x9465b0], sa_mask[0]=11100110100111111111111111111111, sa_flags=SA_RESTART|SA_SIGINFO
SIGQUIT: [libjvm.dylib+0x9465b0], sa_mask[0]=11100110100111111111111111111111, sa_flags=SA_RESTART|SA_SIGINFO
SIGTRAP: [libjvm.dylib+0xa7da90], sa_mask[0]=11100110100111111111111111111111, sa_flags=SA_RESTART|SA_SIGINFO


---------------  S Y S T E M  ---------------

OS:uname: Darwin 21.2.0 Darwin Kernel Version 21.2.0: Sun Nov 28 20:29:10 PST 2021; root:xnu-8019.61.5~1/RELEASE_ARM64_T8101 x86_64
OS uptime: 1 days 12:02 hours
rlimit (soft/hard): STACK 8176k/65520k , CORE 0k/infinity , NPROC 1333/2000 , NOFILE 10240/infinity , AS infinity/infinity , CPU infinity/infinity , DATA infinity/infinity , FSIZE infinity/infinity , MEMLOCK infinity/infinity , RSS infinity/infinity
load average: 2.74 2.69 2.41

CPU: total 8 (initial active 8) (1 cores per cpu, 1 threads per core) family 6 model 44 stepping 0 microcode 0x0, cx8, cmov, fxsr, mmx, sse, sse2, sse3, ssse3, sse4.1, sse4.2, popcnt, tsc, tscinvbit, aes, clmul, clflush

Memory: 4k page, physical 8388608k(32428k free), swap 4194304k(1031424k free)

vm_info: OpenJDK 64-Bit Server VM (16.0.1+9-24) for bsd-amd64 JRE (16.0.1+9-24), built on Mar 26 2021 18:17:32 by "mach5one" with clang 4.2.1 Compatible Apple LLVM 11.0.0 (clang-1100.0.33.17)

END.
